  moc_Match.cpp
  qrc_Match.cpp
  computeCorrelation.cpp
  correlationMatch.cpp
  Harris.cpp
  LSM.cpp
  Match.cpp
  main.cpp
E:\Photogrammetry\Match\Match\Match.h(3,10): error C1083: 无法打开包括文件: “QtWidgets/QMainWindow”: No such file or directory
  (编译源文件“Match.cpp”)
  
E:\Photogrammetry\Match\Match\Match.h(3,10): error C1083: 无法打开包括文件: “QtWidgets/QMainWindow”: No such file or directory
  (编译源文件“moc_Match.cpp”)
  
E:\Photogrammetry\Match\Match\Match.h(3,10): error C1083: 无法打开包括文件: “QtWidgets/QMainWindow”: No such file or directory
  (编译源文件“main.cpp”)
  
E:\Photogrammetry\Match\Match\head.h(5,10): error C1083: 无法打开包括文件: “opencv2/opencv.hpp”: No such file or directory
  (编译源文件“LSM.cpp”)
  
E:\Photogrammetry\Match\Match\head.h(5,10): error C1083: 无法打开包括文件: “opencv2/opencv.hpp”: No such file or directory
  (编译源文件“Harris.cpp”)
  
E:\Photogrammetry\Match\Match\head.h(5,10): error C1083: 无法打开包括文件: “opencv2/opencv.hpp”: No such file or directory
  (编译源文件“correlationMatch.cpp”)
  
E:\Photogrammetry\Match\Match\head.h(5,10): error C1083: 无法打开包括文件: “opencv2/opencv.hpp”: No such file or directory
  (编译源文件“computeCorrelation.cpp”)
  
